17:52:10	User: bobo	Oxigen: 299	Pulse: 131	Location (x,y,z): (-19.999998, 1.8079267, -19.999998)
17:52:19	User: bobo	Oxigen: 298	Pulse: 131	Location (x,y,z): (-43.170822, 1.8199439, -40.974846)
17:52:28	User: bobo	Oxigen: 297	Pulse: 127	Location (x,y,z): (-47.72251, 1.797801, -40.172913)
17:52:37	User: bobo	Oxigen: 296	Pulse: 123	Location (x,y,z): (-47.72251, 1.797801, -40.172913)
17:52:46	User: bobo	Oxigen: 295	Pulse: 123	Location (x,y,z): (-49.73236, 1.8113232, -42.366776)
17:52:55	User: bobo	Oxigen: 294	Pulse: 124	Location (x,y,z): (-49.0091, 1.8117416, -44.246983)
17:53:04	User: bobo	Oxigen: 293	Pulse: 114	Location (x,y,z): (-47.690376, 1.7987132, -45.4347)
17:53:13	User: bobo	Oxigen: 292	Pulse: 119	Location (x,y,z): (-45.69435, 1.7993288, -39.467987)
17:53:22	User: bobo	Oxigen: 291	Pulse: 121	Location (x,y,z): (-44.866535, 1.791728, -55.200905)
17:53:31	User: bobo	Oxigen: 290	Pulse: 126	Location (x,y,z): (-47.6226, 1.8124185, -52.36677)
17:53:40	User: bobo	Oxigen: 289	Pulse: 117	Location (x,y,z): (-40.76074, 1.8046553, -62.003654)
17:54:38	User: chris	Oxigen: 99	Pulse: 138	Location (x,y,z): (-19.999996, 1.8122349, -19.999996)
17:54:43	User: bobo	Oxigen: 282	Pulse: 143	Location (x,y,z): (-27.245914, 2.9216485, -70.61281)
17:54:47	User: chris	Oxigen: 98	Pulse: 128	Location (x,y,z): (-39.234158, 1.804039, -29.086481)
17:54:52	User: bobo	Oxigen: 281	Pulse: 147	Location (x,y,z): (-30.077297, 5.2331657, -74.85341)
17:54:56	User: chris	Oxigen: 97	Pulse: 131	Location (x,y,z): (-47.602913, 1.8080893, -11.143952)
17:55:01	User: bobo	Oxigen: 280	Pulse: 138	Location (x,y,z): (-26.411991, 5.2326527, -73.93641)
17:55:05	User: chris	Oxigen: 96	Pulse: 134	Location (x,y,z): (-37.231594, 1.8121877, -51.937195)
17:55:10	User: bobo	Oxigen: 279	Pulse: 133	Location (x,y,z): (-26.411991, 5.2324247, -73.93641)
17:55:14	User: chris	Oxigen: 95	Pulse: 133	Location (x,y,z): (-33.88231, 1.7954774, -70.01194)
17:55:19	User: bobo	Oxigen: 278	Pulse: 141	Location (x,y,z): (-26.411991, 5.2321835, -73.93641)
17:55:23	User: chris	Oxigen: 94	Pulse: 129	Location (x,y,z): (-21.98857, 5.230233, -71.006004)
17:55:28	User: bobo	Oxigen: 277	Pulse: 138	Location (x,y,z): (-28.345512, 5.230357, -74.25138)
17:55:32	User: chris	Oxigen: 93	Pulse: 128	Location (x,y,z): (-29.437239, 5.2344275, -77.91317)
17:55:38	User: bobo	Oxigen: 276	Pulse: 141	Location (x,y,z): (-27.146942, 5.2366934, -73.99274)
17:55:41	User: chris	Oxigen: 92	Pulse: 132	Location (x,y,z): (-29.566227, 5.2323956, -76.37566)
17:55:47	User: bobo	Oxigen: 275	Pulse: 144	Location (x,y,z): (-27.146942, 5.2365727, -73.99274)
17:55:51	User: chris	Oxigen: 91	Pulse: 134	Location (x,y,z): (-29.463642, 5.235294, -74.43797)
17:55:56	User: bobo	Oxigen: 274	Pulse: 134	Location (x,y,z): (-26.561886, 5.2346287, -73.88022)
17:56:00	User: chris	Oxigen: 90	Pulse: 131	Location (x,y,z): (-29.463642, 5.235282, -74.43797)
17:56:05	User: bobo	Oxigen: 273	Pulse: 133	Location (x,y,z): (-27.664505, 5.234108, -74.10059)
17:56:09	User: chris	Oxigen: 89	Pulse: 128	Location (x,y,z): (-29.60861, 5.2333574, -74.438965)
17:56:14	User: bobo	Oxigen: 272	Pulse: 130	Location (x,y,z): (-27.285652, 5.2329717, -74.00921)
17:56:18	User: chris	Oxigen: 88	Pulse: 128	Location (x,y,z): (-29.60861, 5.2338185, -74.438965)
17:56:23	User: bobo	Oxigen: 271	Pulse: 125	Location (x,y,z): (-29.835552, 5.2356462, -74.752754)
17:56:27	User: chris	Oxigen: 87	Pulse: 124	Location (x,y,z): (-30.64997, 5.2360535, -72.92087)
17:56:32	User: bobo	Oxigen: 270	Pulse: 129	Location (x,y,z): (-25.328417, 5.230097, -85.389824)
17:56:36	User: chris	Oxigen: 86	Pulse: 128	Location (x,y,z): (-25.075703, 5.2297277, -79.611275)
17:56:41	User: bobo	Oxigen: 269	Pulse: 134	Location (x,y,z): (-24.772327, 5.236818, -85.147156)
17:56:45	User: chris	Oxigen: 85	Pulse: 131	Location (x,y,z): (-24.388155, 5.2298665, -81.01365)
17:56:50	User: bobo	Oxigen: 268	Pulse: 134	Location (x,y,z): (-24.019035, 5.230585, -84.946266)
17:56:54	User: chris	Oxigen: 84	Pulse: 135	Location (x,y,z): (-25.35202, 5.229728, -79.08901)
17:56:59	User: bobo	Oxigen: 267	Pulse: 126	Location (x,y,z): (-24.49776, 5.230257, -81.67605)
17:57:03	User: chris	Oxigen: 83	Pulse: 135	Location (x,y,z): (-29.213625, 5.232102, -79.18969)
17:57:08	User: bobo	Oxigen: 266	Pulse: 135	Location (x,y,z): (-24.49776, 5.230257, -81.67605)
17:57:13	User: chris	Oxigen: 82	Pulse: 143	Location (x,y,z): (-29.213625, 5.232102, -79.18969)
17:57:17	User: bobo	Oxigen: 265	Pulse: 127	Location (x,y,z): (-23.689285, 5.230233, -83.47407)
17:57:22	User: chris	Oxigen: 81	Pulse: 140	Location (x,y,z): (-29.213625, 5.232102, -79.18969)
17:57:26	User: bobo	Oxigen: 264	Pulse: 125	Location (x,y,z): (-22.418362, 5.230539, -86.38346)
17:57:31	User: chris	Oxigen: 80	Pulse: 149	Location (x,y,z): (-29.213625, 5.232102, -79.18969)
17:57:35	User: bobo	Oxigen: 263	Pulse: 117	Location (x,y,z): (-22.418362, 5.2311177, -86.38346)
17:57:40	User: chris	Oxigen: 79	Pulse: 153	Location (x,y,z): (-29.213625, 5.232102, -79.18969)
17:57:44	User: bobo	Oxigen: 262	Pulse: 118	Location (x,y,z): (-22.418362, 5.230539, -86.38346)
17:57:49	User: chris	Oxigen: 78	Pulse: 147	Location (x,y,z): (-29.213625, 5.232102, -79.18969)
17:57:54	User: bobo	Oxigen: 261	Pulse: 109	Location (x,y,z): (-22.418362, 5.232952, -86.38346)
17:57:58	User: chris	Oxigen: 77	Pulse: 155	Location (x,y,z): (-29.213625, 5.232102, -79.18969)
17:58:03	User: bobo	Oxigen: 260	Pulse: 100	Location (x,y,z): (-22.418362, 5.2318106, -86.38346)
17:58:07	User: chris	Oxigen: 76	Pulse: 152	Location (x,y,z): (-29.213625, 5.232102, -79.18969)
17:58:12	User: bobo	Oxigen: 259	Pulse: 109	Location (x,y,z): (-21.961369, 5.234007, -86.80389)
17:58:16	User: chris	Oxigen: 75	Pulse: 160	Location (x,y,z): (-29.213625, 5.232102, -79.18969)
17:58:21	User: bobo	Oxigen: 258	Pulse: 113	Location (x,y,z): (-21.700233, 5.231284, -87.04411)
17:58:25	User: chris	Oxigen: 74	Pulse: 161	Location (x,y,z): (-29.213625, 5.232102, -79.18969)
17:58:30	User: bobo	Oxigen: 257	Pulse: 120	Location (x,y,z): (-26.69717, 5.2343006, -85.991974)
17:58:35	User: chris	Oxigen: 73	Pulse: 162	Location (x,y,z): (-28.797325, 5.2353168, -79.42711)
17:58:39	User: bobo	Oxigen: 256	Pulse: 116	Location (x,y,z): (-27.120659, 5.2327576, -87.66932)
17:58:44	User: chris	Oxigen: 72	Pulse: 171	Location (x,y,z): (-22.963465, 5.2314224, -85.10287)
17:58:48	User: bobo	Oxigen: 255	Pulse: 123	Location (x,y,z): (-27.906406, 5.229761, -82.30605)
17:58:53	User: chris	Oxigen: 71	Pulse: 164	Location (x,y,z): (-24.63898, 5.2307606, -86.83873)
17:58:57	User: bobo	Oxigen: 254	Pulse: 122	Location (x,y,z): (-27.906406, 5.229761, -82.30605)
17:59:02	User: chris	Oxigen: 70	Pulse: 166	Location (x,y,z): (-24.63898, 5.2305365, -86.83873)
17:59:06	User: bobo	Oxigen: 253	Pulse: 125	Location (x,y,z): (-27.906406, 5.229761, -82.30605)
17:59:11	User: chris	Oxigen: 69	Pulse: 159	Location (x,y,z): (-23.232483, 5.2336464, -81.50111)
17:59:15	User: bobo	Oxigen: 252	Pulse: 117	Location (x,y,z): (-27.906406, 5.2297277, -82.30605)
17:59:20	User: chris	Oxigen: 68	Pulse: 154	Location (x,y,z): (-23.232483, 5.240015, -81.50111)
17:59:24	User: bobo	Oxigen: 251	Pulse: 112	Location (x,y,z): (-27.906406, 5.2297277, -82.30605)
17:59:29	User: chris	Oxigen: 67	Pulse: 162	Location (x,y,z): (-23.232483, 5.238801, -81.50111)
17:59:33	User: bobo	Oxigen: 250	Pulse: 106	Location (x,y,z): (-27.906406, 5.2297277, -82.30605)
17:59:38	User: chris	Oxigen: 66	Pulse: 161	Location (x,y,z): (-23.232483, 5.240015, -81.50111)
17:59:42	User: bobo	Oxigen: 249	Pulse: 108	Location (x,y,z): (-27.906406, 5.2297277, -82.30605)
17:59:47	User: chris	Oxigen: 65	Pulse: 162	Location (x,y,z): (-23.232483, 5.2392936, -81.50111)
17:59:51	User: bobo	Oxigen: 248	Pulse: 112	Location (x,y,z): (-27.906406, 5.229761, -82.30605)
17:59:56	User: chris	Oxigen: 64	Pulse: 171	Location (x,y,z): (-23.232483, 5.234231, -81.50111)
18:00:00	User: bobo	Oxigen: 247	Pulse: 113	Location (x,y,z): (-27.906406, 5.229761, -82.30605)
18:00:06	User: chris	Oxigen: 63	Pulse: 163	Location (x,y,z): (-23.232483, 5.2310038, -81.50111)
18:00:09	User: bobo	Oxigen: 246	Pulse: 116	Location (x,y,z): (-27.906406, 5.229761, -82.30605)
18:00:15	User: chris	Oxigen: 62	Pulse: 167	Location (x,y,z): (-23.232483, 5.2367496, -81.50111)
18:00:18	User: bobo	Oxigen: 245	Pulse: 109	Location (x,y,z): (-27.906406, 5.229761, -82.30605)
18:00:24	User: chris	Oxigen: 61	Pulse: 158	Location (x,y,z): (-23.232483, 5.2392936, -81.50111)
18:00:27	User: bobo	Oxigen: 244	Pulse: 105	Location (x,y,z): (-27.906406, 5.2297277, -82.30605)
18:00:33	User: chris	Oxigen: 60	Pulse: 151	Location (x,y,z): (-23.232483, 5.234231, -81.50111)
18:00:36	User: bobo	Oxigen: 243	Pulse: 110	Location (x,y,z): (-27.906406, 5.2297277, -82.30605)
18:00:42	User: chris	Oxigen: 59	Pulse: 159	Location (x,y,z): (-23.232483, 5.2317114, -81.50111)
18:00:46	User: bobo	Oxigen: 242	Pulse: 112	Location (x,y,z): (-27.906406, 5.2297277, -82.30605)
18:00:51	User: chris	Oxigen: 58	Pulse: 166	Location (x,y,z): (-23.232483, 5.233004, -81.50111)
18:00:55	User: bobo	Oxigen: 241	Pulse: 121	Location (x,y,z): (-27.906406, 5.2297277, -82.30605)
18:01:00	User: chris	Oxigen: 57	Pulse: 161	Location (x,y,z): (-25.443375, 5.230522, -81.141235)
18:01:04	User: bobo	Oxigen: 240	Pulse: 122	Location (x,y,z): (-27.906406, 5.2297277, -82.30605)
18:01:09	User: chris	Oxigen: 56	Pulse: 170	Location (x,y,z): (-29.095707, 5.23212, -78.695595)
18:01:13	User: bobo	Oxigen: 239	Pulse: 113	Location (x,y,z): (-27.906406, 5.2297277, -82.30605)
18:01:18	User: chris	Oxigen: 55	Pulse: 176	Location (x,y,z): (-29.095707, 5.23212, -78.695595)
18:01:22	User: bobo	Oxigen: 238	Pulse: 111	Location (x,y,z): (-27.906406, 5.2297277, -82.30605)
18:01:28	User: chris	Oxigen: 54	Pulse: 173	Location (x,y,z): (-28.457563, 5.23172, -78.87781)
18:01:31	User: bobo	Oxigen: 237	Pulse: 112	Location (x,y,z): (-27.906406, 5.2297277, -82.30605)
18:01:37	User: chris	Oxigen: 53	Pulse: 182	Location (x,y,z): (-29.08979, 5.6425476, -78.67122)
18:01:40	User: bobo	Oxigen: 236	Pulse: 104	Location (x,y,z): (-27.906406, 5.2297277, -82.30605)
18:01:46	User: chris	Oxigen: 52	Pulse: 178	Location (x,y,z): (-29.096165, 5.23207, -78.69165)
18:01:49	User: bobo	Oxigen: 235	Pulse: 109	Location (x,y,z): (-27.906406, 5.2297277, -82.30605)
18:01:55	User: chris	Oxigen: 51	Pulse: 174	Location (x,y,z): (-24.119905, 5.23228, -80.29741)
18:01:58	User: bobo	Oxigen: 234	Pulse: 99	Location (x,y,z): (-27.906406, 5.2297277, -82.30605)
18:02:04	User: chris	Oxigen: 50	Pulse: 171	Location (x,y,z): (-28.975878, 6.010128, -78.82195)
18:02:07	User: bobo	Oxigen: 233	Pulse: 91	Location (x,y,z): (-27.906406, 5.2297277, -82.30605)
18:02:13	User: chris	Oxigen: 49	Pulse: 180	Location (x,y,z): (-23.371365, 5.2307367, -81.962715)
18:02:16	User: bobo	Oxigen: 232	Pulse: 94	Location (x,y,z): (-27.906406, 5.229761, -82.30605)
18:02:22	User: chris	Oxigen: 48	Pulse: 184	Location (x,y,z): (-29.096075, 5.23203, -78.690575)
18:02:25	User: bobo	Oxigen: 231	Pulse: 99	Location (x,y,z): (-27.906406, 5.229761, -82.30605)
18:02:32	User: chris	Oxigen: 47	Pulse: 182	Location (x,y,z): (-24.80722, 5.230749, -87.53904)
18:02:34	User: bobo	Oxigen: 230	Pulse: 104	Location (x,y,z): (-27.906406, 5.229761, -82.30605)
18:02:41	User: chris	Oxigen: 46	Pulse: 176	Location (x,y,z): (-29.095451, 5.2321973, -78.68823)
18:02:44	User: bobo	Oxigen: 229	Pulse: 109	Location (x,y,z): (-27.906406, 5.229761, -82.30605)
18:02:50	User: chris	Oxigen: 45	Pulse: 177	Location (x,y,z): (-29.095718, 5.2321424, -78.69563)
18:02:53	User: bobo	Oxigen: 228	Pulse: 109	Location (x,y,z): (-27.906406, 5.229761, -82.30605)
18:02:59	User: chris	Oxigen: 44	Pulse: 184	Location (x,y,z): (-29.095718, 5.2321424, -78.69563)
18:03:02	User: bobo	Oxigen: 227	Pulse: 105	Location (x,y,z): (-27.906406, 5.229761, -82.30605)
18:03:08	User: chris	Oxigen: 43	Pulse: 185	Location (x,y,z): (-29.095718, 5.2321424, -78.69563)
18:03:11	User: bobo	Oxigen: 226	Pulse: 108	Location (x,y,z): (-27.906406, 5.229761, -82.30605)
18:03:17	User: chris	Oxigen: 42	Pulse: 190	Location (x,y,z): (-29.095718, 5.232029, -78.69563)
18:03:20	User: bobo	Oxigen: 225	Pulse: 115	Location (x,y,z): (-27.906406, 5.229761, -82.30605)
18:03:26	User: chris	Oxigen: 41	Pulse: 190	Location (x,y,z): (-29.095718, 5.2321186, -78.69563)
18:03:29	User: bobo	Oxigen: 224	Pulse: 121	Location (x,y,z): (-27.906406, 5.229761, -82.30605)
18:03:36	User: chris	Oxigen: 40	Pulse: 183	Location (x,y,z): (-29.095718, 5.232126, -78.69563)
18:03:38	User: bobo	Oxigen: 223	Pulse: 127	Location (x,y,z): (-27.906406, 5.229761, -82.30605)
18:03:45	User: chris	Oxigen: 39	Pulse: 181	Location (x,y,z): (-29.095718, 5.232126, -78.69563)
18:03:47	User: bobo	Oxigen: 222	Pulse: 125	Location (x,y,z): (-27.906406, 5.229761, -82.30605)
18:03:54	User: chris	Oxigen: 38	Pulse: 181	Location (x,y,z): (-29.095718, 5.232126, -78.69563)
18:03:56	User: bobo	Oxigen: 221	Pulse: 132	Location (x,y,z): (-27.906406, 5.229761, -82.30605)
18:04:03	User: chris	Oxigen: 37	Pulse: 186	Location (x,y,z): (-29.095718, 5.232126, -78.69563)
18:04:05	User: bobo	Oxigen: 220	Pulse: 132	Location (x,y,z): (-27.906406, 5.229761, -82.30605)
18:04:12	User: chris	Oxigen: 36	Pulse: 182	Location (x,y,z): (-29.095718, 5.2321415, -78.69563)
18:04:14	User: bobo	Oxigen: 219	Pulse: 138	Location (x,y,z): (-27.906406, 5.229761, -82.30605)
18:04:21	User: chris	Oxigen: 35	Pulse: 185	Location (x,y,z): (-29.095718, 5.2321415, -78.69563)
18:04:24	User: bobo	Oxigen: 218	Pulse: 145	Location (x,y,z): (-27.906406, 5.229761, -82.30605)
18:04:31	User: chris	Oxigen: 34	Pulse: 180	Location (x,y,z): (-29.095718, 5.2321186, -78.69563)
18:04:33	User: bobo	Oxigen: 217	Pulse: 150	Location (x,y,z): (-27.906406, 5.229761, -82.30605)
18:04:40	User: chris	Oxigen: 33	Pulse: 185	Location (x,y,z): (-29.098948, 5.2318983, -78.68676)
18:04:42	User: bobo	Oxigen: 216	Pulse: 155	Location (x,y,z): (-27.906406, 5.229761, -82.30605)
18:04:49	User: chris	Oxigen: 32	Pulse: 175	Location (x,y,z): (-29.191875, 5.2316685, -78.83895)
18:04:51	User: bobo	Oxigen: 215	Pulse: 148	Location (x,y,z): (-27.906406, 5.229761, -82.30605)
18:04:58	User: chris	Oxigen: 31	Pulse: 170	Location (x,y,z): (-19.661966, 5.230094, -76.6462)
18:05:00	User: bobo	Oxigen: 214	Pulse: 150	Location (x,y,z): (-27.906406, 5.229761, -82.30605)
18:05:07	User: chris	Oxigen: 30	Pulse: 168	Location (x,y,z): (-16.939457, 5.2387505, -83.54772)
18:05:09	User: bobo	Oxigen: 213	Pulse: 147	Location (x,y,z): (-27.906406, 5.229761, -82.30605)
18:05:16	User: chris	Oxigen: 29	Pulse: 174	Location (x,y,z): (-19.402615, 5.22992, -85.02413)
18:05:18	User: bobo	Oxigen: 212	Pulse: 142	Location (x,y,z): (-27.906406, 5.2297277, -82.30605)
18:05:25	User: chris	Oxigen: 28	Pulse: 172	Location (x,y,z): (-18.962101, 5.238055, -85.50643)
18:05:27	User: bobo	Oxigen: 211	Pulse: 144	Location (x,y,z): (-27.906406, 5.2297277, -82.30605)
18:05:34	User: chris	Oxigen: 27	Pulse: 167	Location (x,y,z): (-18.960194, 5.2315097, -85.47473)
18:05:36	User: bobo	Oxigen: 210	Pulse: 134	Location (x,y,z): (-27.906406, 5.2297277, -82.30605)
18:05:43	User: chris	Oxigen: 26	Pulse: 169	Location (x,y,z): (-18.915657, 5.2388406, -85.51504)
18:05:45	User: bobo	Oxigen: 209	Pulse: 135	Location (x,y,z): (-27.906406, 5.2297277, -82.30605)
18:05:53	User: chris	Oxigen: 25	Pulse: 169	Location (x,y,z): (-19.244638, 5.230222, -85.19337)
18:05:54	User: bobo	Oxigen: 208	Pulse: 135	Location (x,y,z): (-27.906406, 5.2297277, -82.30605)
18:06:02	User: chris	Oxigen: 24	Pulse: 161	Location (x,y,z): (-18.990261, 5.2304206, -84.7841)
18:06:03	User: bobo	Oxigen: 207	Pulse: 135	Location (x,y,z): (-27.906406, 5.229761, -82.30605)
18:06:11	User: chris	Oxigen: 23	Pulse: 153	Location (x,y,z): (-18.990261, 5.2325234, -84.7841)
18:06:12	User: bobo	Oxigen: 206	Pulse: 136	Location (x,y,z): (-27.906406, 5.229761, -82.30605)
18:06:20	User: chris	Oxigen: 22	Pulse: 143	Location (x,y,z): (-19.269012, 5.229988, -84.12188)
18:06:21	User: bobo	Oxigen: 205	Pulse: 138	Location (x,y,z): (-27.906406, 5.229761, -82.30605)
18:06:29	User: chris	Oxigen: 21	Pulse: 147	Location (x,y,z): (-19.099201, 5.232182, -85.229164)
18:06:30	User: bobo	Oxigen: 204	Pulse: 131	Location (x,y,z): (-27.906406, 5.229761, -82.30605)
18:06:38	User: chris	Oxigen: 20	Pulse: 146	Location (x,y,z): (-19.099201, 5.231546, -85.229164)
18:06:39	User: bobo	Oxigen: 203	Pulse: 125	Location (x,y,z): (-27.906406, 5.229761, -82.30605)
18:06:47	User: chris	Oxigen: 19	Pulse: 154	Location (x,y,z): (-19.10625, 5.2364197, -85.23754)
18:06:48	User: bobo	Oxigen: 202	Pulse: 127	Location (x,y,z): (-27.906406, 5.229761, -82.30605)
18:06:56	User: chris	Oxigen: 18	Pulse: 158	Location (x,y,z): (-18.834496, 5.232643, -85.24566)
18:06:57	User: bobo	Oxigen: 201	Pulse: 135	Location (x,y,z): (-27.906406, 5.2297277, -82.30605)
18:07:05	User: chris	Oxigen: 17	Pulse: 151	Location (x,y,z): (-18.834496, 5.2328987, -85.24566)
18:07:06	User: bobo	Oxigen: 200	Pulse: 144	Location (x,y,z): (-27.906406, 5.2297277, -82.30605)
18:07:14	User: chris	Oxigen: 16	Pulse: 155	Location (x,y,z): (-18.679688, 5.232729, -85.12406)
18:07:15	User: bobo	Oxigen: 199	Pulse: 147	Location (x,y,z): (-27.906406, 5.229761, -82.30605)
18:07:23	User: chris	Oxigen: 15	Pulse: 152	Location (x,y,z): (-18.594679, 5.2310715, -85.02745)
18:07:24	User: bobo	Oxigen: 198	Pulse: 146	Location (x,y,z): (-27.906406, 5.229761, -82.30605)
18:07:32	User: chris	Oxigen: 14	Pulse: 143	Location (x,y,z): (-18.588333, 5.2320642, -85.48454)
18:07:34	User: bobo	Oxigen: 197	Pulse: 142	Location (x,y,z): (-27.906406, 5.2297277, -82.30605)
18:07:41	User: chris	Oxigen: 13	Pulse: 151	Location (x,y,z): (-18.596878, 5.23756, -85.3012)
18:07:43	User: bobo	Oxigen: 196	Pulse: 147	Location (x,y,z): (-27.906406, 5.2297277, -82.30605)
18:07:51	User: chris	Oxigen: 12	Pulse: 142	Location (x,y,z): (-17.889389, 5.2307777, -83.89648)
18:07:52	User: bobo	Oxigen: 195	Pulse: 149	Location (x,y,z): (-27.906406, 5.2297277, -82.30605)
18:08:00	User: chris	Oxigen: 11	Pulse: 143	Location (x,y,z): (-19.766283, 5.2299004, -81.32098)
18:08:01	User: bobo	Oxigen: 194	Pulse: 152	Location (x,y,z): (-27.906406, 5.229761, -82.30605)
18:08:09	User: chris	Oxigen: 10	Pulse: 143	Location (x,y,z): (-19.766283, 5.2303314, -81.32098)
18:08:10	User: bobo	Oxigen: 193	Pulse: 152	Location (x,y,z): (-27.906406, 5.229761, -82.30605)
18:08:18	User: chris	Oxigen: 9	Pulse: 150	Location (x,y,z): (-17.533146, 5.2335777, -81.08745)
18:08:19	User: bobo	Oxigen: 192	Pulse: 145	Location (x,y,z): (-27.906406, 5.229761, -82.30605)
18:08:27	User: chris	Oxigen: 8	Pulse: 147	Location (x,y,z): (-16.292934, 5.233341, -84.646286)
18:08:28	User: bobo	Oxigen: 191	Pulse: 145	Location (x,y,z): (-27.906406, 5.229761, -82.30605)
18:08:36	User: chris	Oxigen: 7	Pulse: 150	Location (x,y,z): (-18.78118, 5.2381406, -86.58748)
18:08:37	User: bobo	Oxigen: 190	Pulse: 151	Location (x,y,z): (-28.403002, 5.2333508, -82.49215)
18:08:45	User: chris	Oxigen: 6	Pulse: 150	Location (x,y,z): (-18.783432, 5.237692, -85.28278)
18:08:55	User: chris	Oxigen: 5	Pulse: 158	Location (x,y,z): (-17.687788, 5.2357006, -81.9893)
18:09:04	User: chris	Oxigen: 4	Pulse: 148	Location (x,y,z): (-17.840855, 5.2312956, -84.75301)
18:09:12	User: chris	Oxigen: 3	Pulse: 144	Location (x,y,z): (-17.840855, 5.231356, -84.75301)
18:09:24	User: chris	Oxigen: 2	Pulse: 148	Location (x,y,z): (-17.840855, 5.231356, -84.75301)
18:09:32	User: chris	Oxigen: 1	Pulse: 151	Location (x,y,z): (-17.840855, 5.231242, -84.75301)
18:09:40	User: chris	Oxigen: 0	Pulse: 154	Location (x,y,z): (-17.628666, 5.231003, -83.1681)
18:09:49	User: chris	Oxigen: 0	Pulse: 147	Location (x,y,z): (-19.132507, 5.236743, -85.89913)
18:09:58	User: chris	Oxigen: 0	Pulse: 139	Location (x,y,z): (-19.132507, 5.2361403, -85.89913)
18:10:07	User: chris	Oxigen: 0	Pulse: 143	Location (x,y,z): (-19.132507, 5.236743, -85.89913)
18:10:17	User: chris	Oxigen: 0	Pulse: 144	Location (x,y,z): (-19.132507, 5.2361403, -85.89913)
18:10:25	User: chris	Oxigen: 0	Pulse: 146	Location (x,y,z): (-19.132507, 5.2361403, -85.89913)
21:19:14	User: chris	Oxigen: 122	Pulse: 142	Location (x,y,z): (-24.961529, 1.8080146, -23.338018)
21:19:23	User: chris	Oxigen: 121	Pulse: 144	Location (x,y,z): (-39.00936, 1.8015215, -31.866169)
21:19:32	User: chris	Oxigen: 120	Pulse: 139	Location (x,y,z): (-42.932205, 1.799252, -40.23282)
21:19:41	User: chris	Oxigen: 119	Pulse: 129	Location (x,y,z): (-41.003845, 1.7957163, -40.88067)
21:19:50	User: chris	Oxigen: 118	Pulse: 134	Location (x,y,z): (-46.00233, 1.8257241, -33.084724)
21:19:59	User: chris	Oxigen: 117	Pulse: 140	Location (x,y,z): (-46.00233, 1.8273921, -33.084724)
21:20:09	User: bobo	Oxigen: 299	Pulse: 137	Location (x,y,z): (-25.015917, 1.8004978, -23.768705)
21:20:17	User: chris	Oxigen: 115	Pulse: 134	Location (x,y,z): (-46.00233, 1.8273921, -33.084724)
21:20:18	User: bobo	Oxigen: 298	Pulse: 133	Location (x,y,z): (-45.290466, 1.7993011, -35.47379)
21:20:26	User: chris	Oxigen: 114	Pulse: 139	Location (x,y,z): (-46.00233, 1.8097367, -33.084724)
21:20:27	User: bobo	Oxigen: 297	Pulse: 131	Location (x,y,z): (-39.654697, 1.7925642, -32.38128)
21:20:35	User: chris	Oxigen: 113	Pulse: 132	Location (x,y,z): (-44.32526, 1.8069985, -33.42365)
21:20:36	User: bobo	Oxigen: 296	Pulse: 132	Location (x,y,z): (-39.654697, 1.7924967, -32.38128)
21:20:44	User: chris	Oxigen: 112	Pulse: 130	Location (x,y,z): (-45.69214, 1.8138919, -34.358784)
21:20:45	User: bobo	Oxigen: 295	Pulse: 122	Location (x,y,z): (-39.654697, 1.7925644, -32.38128)
21:20:53	User: chris	Oxigen: 111	Pulse: 138	Location (x,y,z): (-45.69214, 1.8138919, -34.358784)
21:20:54	User: bobo	Oxigen: 294	Pulse: 128	Location (x,y,z): (-40.338287, 1.8020048, -32.504963)
21:21:02	User: chris	Oxigen: 110	Pulse: 139	Location (x,y,z): (-45.69214, 1.8138919, -34.358784)
21:21:03	User: bobo	Oxigen: 293	Pulse: 130	Location (x,y,z): (-40.338287, 1.8141153, -32.504963)
21:21:11	User: chris	Oxigen: 109	Pulse: 132	Location (x,y,z): (-44.023563, 1.8018303, -41.078117)
21:21:12	User: bobo	Oxigen: 292	Pulse: 130	Location (x,y,z): (-40.338287, 1.8020048, -32.504963)
21:22:35	User: asd	Oxigen: 122	Pulse: 135	Location (x,y,z): (-19.999996, 1.7953084, -19.999996)
21:22:44	User: asd	Oxigen: 121	Pulse: 130	Location (x,y,z): (-29.555443, 1.7969933, -2.82888)
21:22:53	User: asd	Oxigen: 120	Pulse: 137	Location (x,y,z): (-32.663338, 1.8045893, 24.21445)
21:23:03	User: asd	Oxigen: 119	Pulse: 144	Location (x,y,z): (-28.440464, 1.8236732, -17.574846)
21:23:12	User: asd	Oxigen: 118	Pulse: 136	Location (x,y,z): (-34.778164, 1.7953389, 7.233465)
21:23:21	User: asd	Oxigen: 117	Pulse: 131	Location (x,y,z): (-52.733673, 1.7978969, 2.0509303)
21:23:30	User: asd	Oxigen: 116	Pulse: 136	Location (x,y,z): (-44.888645, 1.8092146, 0.52501106)
21:23:39	User: asd	Oxigen: 115	Pulse: 126	Location (x,y,z): (-46.577103, 1.7920778, 1.6113251)
21:23:48	User: asd	Oxigen: 114	Pulse: 119	Location (x,y,z): (-47.23771, 1.8068919, 9.407764)
21:23:57	User: asd	Oxigen: 113	Pulse: 114	Location (x,y,z): (-44.619114, 1.8294406, 11.247848)
21:24:06	User: asd	Oxigen: 112	Pulse: 112	Location (x,y,z): (-44.619114, 1.8294406, 11.247848)
21:24:15	User: asd	Oxigen: 111	Pulse: 120	Location (x,y,z): (-44.619114, 1.8294406, 11.247848)
21:24:24	User: asd	Oxigen: 110	Pulse: 111	Location (x,y,z): (-44.619114, 1.8294406, 11.247848)
21:24:33	User: asd	Oxigen: 109	Pulse: 113	Location (x,y,z): (-44.619114, 1.8294406, 11.247848)
21:24:42	User: asd	Oxigen: 108	Pulse: 109	Location (x,y,z): (-44.619114, 1.8294406, 11.247848)
21:24:51	User: asd	Oxigen: 107	Pulse: 108	Location (x,y,z): (-44.619114, 1.8294406, 11.247848)
21:25:00	User: asd	Oxigen: 106	Pulse: 98	Location (x,y,z): (-44.619114, 1.8294406, 11.247848)
21:25:09	User: asd	Oxigen: 105	Pulse: 103	Location (x,y,z): (-44.619114, 1.8294406, 11.247848)
21:25:18	User: asd	Oxigen: 104	Pulse: 98	Location (x,y,z): (-44.619114, 1.8294406, 11.247848)
21:25:27	User: asd	Oxigen: 103	Pulse: 97	Location (x,y,z): (-44.619114, 1.8294406, 11.247848)
21:25:36	User: asd	Oxigen: 102	Pulse: 87	Location (x,y,z): (-44.619114, 1.8294406, 11.247848)
21:25:45	User: asd	Oxigen: 101	Pulse: 94	Location (x,y,z): (-45.47736, 1.7937822, 5.5015616)
21:25:54	User: asd	Oxigen: 100	Pulse: 95	Location (x,y,z): (-34.78505, 1.8205376, -4.0680327)
21:26:03	User: asd	Oxigen: 99	Pulse: 104	Location (x,y,z): (-48.118782, 1.8319528, 1.5031687)
21:26:12	User: asd	Oxigen: 98	Pulse: 105	Location (x,y,z): (-52.199524, 1.8137343, -1.9583421)
21:26:21	User: asd	Oxigen: 97	Pulse: 114	Location (x,y,z): (-45.47065, 1.8212447, -22.821375)
21:26:30	User: asd	Oxigen: 96	Pulse: 114	Location (x,y,z): (-40.025356, 1.791728, -20.457344)
21:26:39	User: asd	Oxigen: 95	Pulse: 108	Location (x,y,z): (-47.634533, 1.7949271, -12.865882)
21:26:48	User: asd	Oxigen: 94	Pulse: 106	Location (x,y,z): (-39.093723, 1.8030596, -7.8764367)
21:55:02	User: chris	Oxigen: 122	Pulse: 149	Location (x,y,z): (-19.999998, 1.7963059, -19.999998)
21:55:11	User: chris	Oxigen: 121	Pulse: 144	Location (x,y,z): (-34.50688, 1.7937899, -26.87282)
21:55:20	User: chris	Oxigen: 120	Pulse: 148	Location (x,y,z): (-34.620136, 1.800185, -27.337357)
21:55:29	User: chris	Oxigen: 119	Pulse: 155	Location (x,y,z): (-33.20021, 1.7978363, -24.236673)
21:55:38	User: chris	Oxigen: 118	Pulse: 156	Location (x,y,z): (-33.20021, 1.7942479, -24.236673)
21:55:54	User: asd	Oxigen: 122	Pulse: 139	Location (x,y,z): (-19.999998, 1.8242538, -19.999998)
21:55:57	User: chris	Oxigen: 116	Pulse: 150	Location (x,y,z): (-33.20021, 1.7969024, -24.236673)
21:56:03	User: asd	Oxigen: 121	Pulse: 136	Location (x,y,z): (-47.542477, 1.7992768, -27.798407)
21:56:06	User: chris	Oxigen: 115	Pulse: 152	Location (x,y,z): (-33.20021, 1.7969024, -24.236673)
21:56:13	User: asd	Oxigen: 120	Pulse: 143	Location (x,y,z): (-45.102036, 1.8062584, -27.983856)
21:56:16	User: chris	Oxigen: 114	Pulse: 147	Location (x,y,z): (-33.20021, 1.7969024, -24.236673)
21:56:22	User: asd	Oxigen: 119	Pulse: 137	Location (x,y,z): (-45.102036, 1.8062584, -27.983856)
21:56:25	User: chris	Oxigen: 113	Pulse: 155	Location (x,y,z): (-35.60342, 1.7968001, -24.08725)
21:56:31	User: asd	Oxigen: 118	Pulse: 146	Location (x,y,z): (-45.102036, 1.8062584, -27.983856)
21:56:34	User: chris	Oxigen: 112	Pulse: 145	Location (x,y,z): (-40.294804, 1.8259723, -25.139872)
21:56:40	User: asd	Oxigen: 117	Pulse: 145	Location (x,y,z): (-45.102036, 1.8062584, -27.983856)
21:56:43	User: chris	Oxigen: 111	Pulse: 139	Location (x,y,z): (-40.065956, 1.8070319, -26.09892)
21:56:49	User: asd	Oxigen: 116	Pulse: 148	Location (x,y,z): (-45.102036, 1.8062584, -27.983856)
21:56:52	User: chris	Oxigen: 110	Pulse: 147	Location (x,y,z): (-45.485664, 1.8006089, -33.097706)
21:56:58	User: asd	Oxigen: 115	Pulse: 142	Location (x,y,z): (-45.102036, 1.8062584, -27.983856)
21:57:01	User: chris	Oxigen: 109	Pulse: 139	Location (x,y,z): (-44.585487, 1.8152862, -33.042988)
21:57:07	User: asd	Oxigen: 114	Pulse: 138	Location (x,y,z): (-45.102036, 1.8062584, -27.983856)
21:57:10	User: chris	Oxigen: 108	Pulse: 146	Location (x,y,z): (-40.241966, 1.7926011, -32.451317)
21:57:16	User: asd	Oxigen: 113	Pulse: 129	Location (x,y,z): (-45.102036, 1.8062584, -27.983856)
21:57:19	User: chris	Oxigen: 107	Pulse: 140	Location (x,y,z): (-40.88311, 1.7938051, -32.566097)
21:57:25	User: asd	Oxigen: 112	Pulse: 134	Location (x,y,z): (-45.102036, 1.8062584, -27.983856)
21:57:28	User: chris	Oxigen: 106	Pulse: 139	Location (x,y,z): (-37.120277, 1.8190329, -39.525814)
21:57:34	User: asd	Oxigen: 111	Pulse: 128	Location (x,y,z): (-45.102036, 1.8062584, -27.983856)
21:57:37	User: chris	Oxigen: 105	Pulse: 137	Location (x,y,z): (-37.120277, 1.7983577, -39.525814)
21:57:43	User: asd	Oxigen: 110	Pulse: 122	Location (x,y,z): (-45.102036, 1.8062584, -27.983856)
21:57:46	User: chris	Oxigen: 104	Pulse: 139	Location (x,y,z): (-36.0001, 1.7986741, -37.726547)
21:57:52	User: asd	Oxigen: 109	Pulse: 117	Location (x,y,z): (-45.102036, 1.8062584, -27.983856)
21:57:56	User: chris	Oxigen: 103	Pulse: 144	Location (x,y,z): (-37.069954, 1.8133214, -69.20835)
21:58:01	User: asd	Oxigen: 108	Pulse: 120	Location (x,y,z): (-45.102036, 1.8062584, -27.983856)
21:58:05	User: chris	Oxigen: 102	Pulse: 151	Location (x,y,z): (-31.844696, 1.8074331, -80.77403)
21:58:10	User: asd	Oxigen: 107	Pulse: 113	Location (x,y,z): (-45.102036, 1.8062582, -27.983856)
21:58:14	User: chris	Oxigen: 101	Pulse: 152	Location (x,y,z): (-31.844696, 1.8074331, -80.77403)
21:58:19	User: asd	Oxigen: 106	Pulse: 110	Location (x,y,z): (-45.102036, 1.8062582, -27.983856)
21:58:23	User: chris	Oxigen: 100	Pulse: 147	Location (x,y,z): (-31.844696, 1.8074331, -80.77403)
21:58:28	User: asd	Oxigen: 105	Pulse: 116	Location (x,y,z): (-45.102036, 1.8062582, -27.983856)
21:58:32	User: chris	Oxigen: 99	Pulse: 146	Location (x,y,z): (-31.844696, 1.8074331, -80.77403)
21:58:38	User: asd	Oxigen: 104	Pulse: 122	Location (x,y,z): (-45.102036, 1.8062582, -27.983856)
21:58:41	User: chris	Oxigen: 98	Pulse: 142	Location (x,y,z): (-31.844696, 1.8074331, -80.77403)
21:58:47	User: asd	Oxigen: 103	Pulse: 119	Location (x,y,z): (-45.102036, 1.8062582, -27.983856)
21:58:50	User: chris	Oxigen: 97	Pulse: 144	Location (x,y,z): (-31.844696, 1.8074331, -80.77403)
21:58:56	User: asd	Oxigen: 102	Pulse: 118	Location (x,y,z): (-45.102036, 1.8062582, -27.983856)
21:58:59	User: chris	Oxigen: 96	Pulse: 151	Location (x,y,z): (-31.844696, 1.8074331, -80.77403)
21:59:05	User: asd	Oxigen: 101	Pulse: 126	Location (x,y,z): (-45.102036, 1.8062582, -27.983856)
21:59:08	User: chris	Oxigen: 95	Pulse: 153	Location (x,y,z): (-31.844696, 1.8074334, -80.77403)
21:59:14	User: asd	Oxigen: 100	Pulse: 122	Location (x,y,z): (-45.102036, 1.8062582, -27.983856)
21:59:17	User: chris	Oxigen: 94	Pulse: 153	Location (x,y,z): (-40.72112, 1.8139143, -53.24612)
21:59:23	User: asd	Oxigen: 99	Pulse: 118	Location (x,y,z): (-45.102036, 1.8062582, -27.983856)
21:59:26	User: chris	Oxigen: 93	Pulse: 158	Location (x,y,z): (-50.49638, 1.8042612, -9.69893)
21:59:32	User: asd	Oxigen: 98	Pulse: 126	Location (x,y,z): (-45.102036, 1.8062582, -27.983856)
21:59:35	User: chris	Oxigen: 92	Pulse: 154	Location (x,y,z): (-59.315002, 1.7942533, 36.963436)
21:59:41	User: asd	Oxigen: 97	Pulse: 135	Location (x,y,z): (-45.102036, 1.8062582, -27.983856)
21:59:44	User: chris	Oxigen: 91	Pulse: 145	Location (x,y,z): (-47.179993, 1.8052988, 37.890068)
21:59:50	User: asd	Oxigen: 96	Pulse: 130	Location (x,y,z): (-45.102036, 1.8062582, -27.983856)
21:59:53	User: chris	Oxigen: 90	Pulse: 139	Location (x,y,z): (-47.179993, 1.805299, 37.890068)
21:59:59	User: asd	Oxigen: 95	Pulse: 130	Location (x,y,z): (-45.102036, 1.8062582, -27.983856)
22:00:02	User: chris	Oxigen: 89	Pulse: 146	Location (x,y,z): (-47.179993, 1.8052988, 37.890068)
22:00:08	User: asd	Oxigen: 94	Pulse: 122	Location (x,y,z): (-45.102036, 1.8062582, -27.983856)
22:00:11	User: chris	Oxigen: 88	Pulse: 146	Location (x,y,z): (-47.179993, 1.805299, 37.890068)
22:00:17	User: asd	Oxigen: 93	Pulse: 123	Location (x,y,z): (-45.102036, 1.8062582, -27.983856)
22:00:20	User: chris	Oxigen: 87	Pulse: 138	Location (x,y,z): (-47.179993, 1.8052988, 37.890068)
22:00:26	User: asd	Oxigen: 92	Pulse: 122	Location (x,y,z): (-45.102036, 1.8062582, -27.983856)
22:00:29	User: chris	Oxigen: 86	Pulse: 135	Location (x,y,z): (-47.179993, 1.805299, 37.890068)
22:00:35	User: asd	Oxigen: 91	Pulse: 119	Location (x,y,z): (-45.102036, 1.8062582, -27.983856)
22:00:38	User: chris	Oxigen: 85	Pulse: 142	Location (x,y,z): (-44.514397, 1.7989583, 10.119778)
22:00:44	User: asd	Oxigen: 90	Pulse: 113	Location (x,y,z): (-45.102036, 1.8062582, -27.983856)
22:00:47	User: chris	Oxigen: 84	Pulse: 147	Location (x,y,z): (-51.47268, 1.7967253, 13.171071)
22:00:53	User: asd	Oxigen: 89	Pulse: 105	Location (x,y,z): (-45.102036, 1.8062582, -27.983856)
22:00:56	User: chris	Oxigen: 83	Pulse: 144	Location (x,y,z): (-49.931946, 1.7988901, 1.7015)
22:01:02	User: asd	Oxigen: 88	Pulse: 106	Location (x,y,z): (-45.102036, 1.8062582, -27.983856)
22:01:05	User: chris	Oxigen: 82	Pulse: 142	Location (x,y,z): (-37.881268, 3.0182724, -26.937239)
22:01:11	User: asd	Oxigen: 87	Pulse: 96	Location (x,y,z): (-45.102036, 1.8062582, -27.983856)
22:01:14	User: chris	Oxigen: 81	Pulse: 140	Location (x,y,z): (-36.681355, 7.2532554, -26.332138)
22:01:20	User: asd	Oxigen: 86	Pulse: 94	Location (x,y,z): (-45.102036, 1.8062582, -27.983856)
22:01:23	User: chris	Oxigen: 80	Pulse: 133	Location (x,y,z): (-40.81348, 5.230575, -26.51405)
22:01:29	User: asd	Oxigen: 85	Pulse: 100	Location (x,y,z): (-45.102036, 1.8062582, -27.983856)
22:01:32	User: chris	Oxigen: 79	Pulse: 140	Location (x,y,z): (-45.459427, 5.23003, -29.126106)
22:01:38	User: asd	Oxigen: 84	Pulse: 90	Location (x,y,z): (-45.102036, 1.8062582, -27.983856)
22:01:41	User: chris	Oxigen: 78	Pulse: 138	Location (x,y,z): (-45.459427, 5.23003, -29.126106)
22:01:47	User: asd	Oxigen: 83	Pulse: 96	Location (x,y,z): (-45.102036, 1.8062582, -27.983856)
22:01:50	User: chris	Oxigen: 77	Pulse: 137	Location (x,y,z): (-45.459427, 5.23003, -29.126106)
22:01:56	User: asd	Oxigen: 82	Pulse: 91	Location (x,y,z): (-45.102036, 1.8062582, -27.983856)
22:02:05	User: asd	Oxigen: 81	Pulse: 86	Location (x,y,z): (-45.102036, 1.8062582, -27.983856)
22:02:14	User: asd	Oxigen: 80	Pulse: 80	Location (x,y,z): (-45.102036, 1.8062582, -27.983856)
22:02:23	User: asd	Oxigen: 79	Pulse: 88	Location (x,y,z): (-44.101303, 1.8164339, -32.221203)
22:02:32	User: asd	Oxigen: 78	Pulse: 88	Location (x,y,z): (-43.48758, 1.8096666, -32.374336)
22:02:41	User: asd	Oxigen: 77	Pulse: 95	Location (x,y,z): (-43.51242, 1.8128395, -30.154333)
22:02:50	User: asd	Oxigen: 76	Pulse: 97	Location (x,y,z): (-40.195393, 1.7966943, -32.066483)
22:03:00	User: asd	Oxigen: 75	Pulse: 98	Location (x,y,z): (-40.195393, 1.7971101, -32.066483)
22:03:09	User: asd	Oxigen: 74	Pulse: 96	Location (x,y,z): (-40.195393, 1.7969007, -32.066483)
22:03:18	User: asd	Oxigen: 73	Pulse: 89	Location (x,y,z): (-40.195393, 1.7966752, -32.066483)
22:03:27	User: asd	Oxigen: 72	Pulse: 82	Location (x,y,z): (-40.195393, 1.7969012, -32.066483)
22:03:36	User: asd	Oxigen: 71	Pulse: 80	Location (x,y,z): (-40.195393, 1.7969012, -32.066483)
22:03:45	User: asd	Oxigen: 70	Pulse: 85	Location (x,y,z): (-40.195393, 1.7966752, -32.066483)
22:03:54	User: asd	Oxigen: 69	Pulse: 94	Location (x,y,z): (-40.195393, 1.7964644, -32.066483)
22:04:03	User: asd	Oxigen: 68	Pulse: 89	Location (x,y,z): (-40.195393, 1.7969007, -32.066483)
22:04:12	User: asd	Oxigen: 67	Pulse: 81	Location (x,y,z): (-40.195393, 1.7966752, -32.066483)
22:04:21	User: asd	Oxigen: 66	Pulse: 80	Location (x,y,z): (-40.195393, 1.7968826, -32.066483)
22:04:30	User: asd	Oxigen: 65	Pulse: 82	Location (x,y,z): (-40.195393, 1.7969007, -32.066483)
22:04:39	User: asd	Oxigen: 64	Pulse: 87	Location (x,y,z): (-40.195393, 1.7969007, -32.066483)
22:04:48	User: asd	Oxigen: 63	Pulse: 96	Location (x,y,z): (-40.195393, 1.7969007, -32.066483)
22:04:57	User: asd	Oxigen: 62	Pulse: 97	Location (x,y,z): (-40.195393, 1.7969012, -32.066483)
22:05:08	User: nr2	Oxigen: 344	Pulse: 134	Location (x,y,z): (-23.523026, 1.8089609, -23.133343)
22:05:15	User: asd	Oxigen: 60	Pulse: 88	Location (x,y,z): (-40.195393, 1.7966735, -32.066483)
22:05:17	User: nr2	Oxigen: 343	Pulse: 139	Location (x,y,z): (-43.890514, 1.7963552, -33.035225)
22:05:24	User: asd	Oxigen: 59	Pulse: 96	Location (x,y,z): (-40.195393, 1.7966735, -32.066483)
22:05:26	User: nr2	Oxigen: 342	Pulse: 143	Location (x,y,z): (-43.890514, 1.7963552, -33.035225)
22:05:33	User: asd	Oxigen: 58	Pulse: 99	Location (x,y,z): (-40.696068, 1.7984834, -32.180283)
22:05:35	User: nr2	Oxigen: 341	Pulse: 142	Location (x,y,z): (-43.890514, 1.7963552, -33.035225)
22:05:42	User: asd	Oxigen: 57	Pulse: 108	Location (x,y,z): (-40.696068, 1.7984834, -32.180283)
22:05:44	User: nr2	Oxigen: 340	Pulse: 147	Location (x,y,z): (-43.890514, 1.7999654, -33.035225)
22:05:51	User: asd	Oxigen: 56	Pulse: 109	Location (x,y,z): (-40.696068, 1.7984834, -32.180283)
22:05:53	User: nr2	Oxigen: 339	Pulse: 138	Location (x,y,z): (-43.890514, 1.7963552, -33.035225)
22:06:00	User: asd	Oxigen: 55	Pulse: 100	Location (x,y,z): (-40.696068, 1.7984834, -32.180283)
22:06:02	User: nr2	Oxigen: 338	Pulse: 142	Location (x,y,z): (-43.890514, 1.7999651, -33.035225)
22:06:09	User: asd	Oxigen: 54	Pulse: 102	Location (x,y,z): (-40.696068, 1.7984834, -32.180283)
22:06:11	User: nr2	Oxigen: 337	Pulse: 143	Location (x,y,z): (-43.890514, 1.7999651, -33.035225)
22:06:18	User: asd	Oxigen: 53	Pulse: 107	Location (x,y,z): (-40.696068, 1.7984834, -32.180283)
22:06:20	User: nr2	Oxigen: 336	Pulse: 133	Location (x,y,z): (-43.890514, 1.7963552, -33.035225)
22:06:27	User: asd	Oxigen: 52	Pulse: 113	Location (x,y,z): (-40.696068, 1.7984834, -32.180283)
22:06:29	User: nr2	Oxigen: 335	Pulse: 135	Location (x,y,z): (-43.890514, 1.7999651, -33.035225)
22:06:36	User: asd	Oxigen: 51	Pulse: 110	Location (x,y,z): (-40.696068, 1.7984834, -32.180283)
22:06:38	User: nr2	Oxigen: 334	Pulse: 130	Location (x,y,z): (-43.890514, 1.7963552, -33.035225)
22:06:45	User: asd	Oxigen: 50	Pulse: 119	Location (x,y,z): (-40.696068, 1.7984834, -32.180283)
22:06:47	User: nr2	Oxigen: 333	Pulse: 120	Location (x,y,z): (-43.890514, 1.7999651, -33.035225)
22:06:54	User: asd	Oxigen: 49	Pulse: 111	Location (x,y,z): (-40.696068, 1.7984834, -32.180283)
22:06:57	User: nr2	Oxigen: 332	Pulse: 127	Location (x,y,z): (-43.890514, 1.7963552, -33.035225)
22:07:03	User: asd	Oxigen: 48	Pulse: 104	Location (x,y,z): (-40.696068, 1.7984834, -32.180283)
22:07:06	User: nr2	Oxigen: 331	Pulse: 135	Location (x,y,z): (-43.890514, 1.7999651, -33.035225)
22:07:12	User: asd	Oxigen: 47	Pulse: 104	Location (x,y,z): (-40.696068, 1.7984834, -32.180283)
22:07:15	User: nr2	Oxigen: 330	Pulse: 128	Location (x,y,z): (-41.083603, 1.823622, -39.864704)
22:07:21	User: asd	Oxigen: 46	Pulse: 96	Location (x,y,z): (-40.696068, 1.7984834, -32.180283)
22:07:24	User: nr2	Oxigen: 329	Pulse: 123	Location (x,y,z): (-35.71531, 1.8029122, -45.474503)
22:07:30	User: asd	Oxigen: 45	Pulse: 87	Location (x,y,z): (-40.696068, 1.7984834, -32.180283)
22:07:33	User: nr2	Oxigen: 328	Pulse: 117	Location (x,y,z): (-35.71531, 1.8029122, -45.474503)
22:07:39	User: asd	Oxigen: 44	Pulse: 87	Location (x,y,z): (-42.723248, 1.823514, -44.427032)
22:07:42	User: nr2	Oxigen: 327	Pulse: 111	Location (x,y,z): (-35.71531, 1.8029122, -45.474503)
22:07:48	User: asd	Oxigen: 43	Pulse: 81	Location (x,y,z): (-40.235867, 1.8004928, -47.701656)
22:07:51	User: nr2	Oxigen: 326	Pulse: 108	Location (x,y,z): (-35.145256, 1.791728, -45.439568)
22:07:58	User: asd	Oxigen: 42	Pulse: 86	Location (x,y,z): (-40.235867, 1.8004928, -47.701656)
22:08:00	User: nr2	Oxigen: 325	Pulse: 116	Location (x,y,z): (-35.145256, 1.791728, -45.439568)
22:09:46	User: asd	Oxigen: 122	Pulse: 132	Location (x,y,z): (-19.999998, 1.8242538, -19.999998)
22:09:55	User: asd	Oxigen: 121	Pulse: 131	Location (x,y,z): (-41.476498, 1.802716, -38.618145)
22:10:04	User: asd	Oxigen: 120	Pulse: 139	Location (x,y,z): (-36.998596, 1.8074052, -38.409435)
22:10:13	User: asd	Oxigen: 119	Pulse: 129	Location (x,y,z): (-36.998596, 1.800555, -38.409435)
22:10:22	User: asd	Oxigen: 118	Pulse: 129	Location (x,y,z): (-36.998596, 1.800555, -38.409435)
22:10:41	User: fgdfgdg	Oxigen: 122	Pulse: 147	Location (x,y,z): (-20.439003, 1.8021107, -20.171194)
22:10:49	User: asd	Oxigen: 115	Pulse: 136	Location (x,y,z): (-36.998596, 1.800555, -38.409435)
22:10:50	User: fgdfgdg	Oxigen: 121	Pulse: 144	Location (x,y,z): (-45.179222, 1.795218, -36.42886)
22:10:58	User: asd	Oxigen: 114	Pulse: 127	Location (x,y,z): (-36.017757, 1.7935839, -38.219604)
22:10:59	User: fgdfgdg	Oxigen: 120	Pulse: 137	Location (x,y,z): (-42.3051, 1.8038812, -38.52203)
22:11:07	User: asd	Oxigen: 113	Pulse: 118	Location (x,y,z): (-36.017757, 1.7935839, -38.219604)
22:11:08	User: fgdfgdg	Oxigen: 119	Pulse: 141	Location (x,y,z): (-42.3051, 1.8038812, -38.52203)
22:11:16	User: asd	Oxigen: 112	Pulse: 112	Location (x,y,z): (-36.017757, 1.7950726, -38.219604)
22:11:17	User: fgdfgdg	Oxigen: 118	Pulse: 147	Location (x,y,z): (-42.3051, 1.8038812, -38.52203)
22:11:25	User: asd	Oxigen: 111	Pulse: 116	Location (x,y,z): (-36.017757, 1.7935839, -38.219604)
22:11:26	User: fgdfgdg	Oxigen: 117	Pulse: 148	Location (x,y,z): (-42.3051, 1.8038812, -38.52203)
22:11:34	User: asd	Oxigen: 110	Pulse: 125	Location (x,y,z): (-36.017757, 1.7950726, -38.219604)
22:11:35	User: fgdfgdg	Oxigen: 116	Pulse: 155	Location (x,y,z): (-42.3051, 1.8038812, -38.52203)
22:11:43	User: asd	Oxigen: 109	Pulse: 126	Location (x,y,z): (-36.017757, 1.7950726, -38.219604)
22:11:44	User: fgdfgdg	Oxigen: 115	Pulse: 156	Location (x,y,z): (-42.3051, 1.8038812, -38.52203)
22:11:52	User: asd	Oxigen: 108	Pulse: 128	Location (x,y,z): (-36.017757, 1.7935839, -38.219604)
22:11:53	User: fgdfgdg	Oxigen: 114	Pulse: 147	Location (x,y,z): (-42.3051, 1.8038812, -38.52203)
22:12:02	User: asd	Oxigen: 107	Pulse: 129	Location (x,y,z): (-36.017757, 1.7950726, -38.219604)
22:12:02	User: fgdfgdg	Oxigen: 113	Pulse: 142	Location (x,y,z): (-42.3051, 1.8038812, -38.52203)
22:12:18	User: hgfgh	Oxigen: 455	Pulse: 138	Location (x,y,z): (-24.646118, 1.8043494, -22.972155)
22:12:20	User: asd	Oxigen: 105	Pulse: 129	Location (x,y,z): (-36.017757, 1.7950726, -38.219604)
22:12:20	User: fgdfgdg	Oxigen: 111	Pulse: 152	Location (x,y,z): (-42.3051, 1.8038812, -38.52203)
22:12:27	User: hgfgh	Oxigen: 454	Pulse: 143	Location (x,y,z): (-45.689835, 1.7951436, -33.263165)
22:12:29	User: asd	Oxigen: 104	Pulse: 126	Location (x,y,z): (-36.017757, 1.7950726, -38.219604)
22:12:29	User: fgdfgdg	Oxigen: 110	Pulse: 154	Location (x,y,z): (-42.3051, 1.8038812, -38.52203)
22:12:36	User: hgfgh	Oxigen: 453	Pulse: 137	Location (x,y,z): (-44.173126, 1.8040569, -34.955875)
22:12:38	User: asd	Oxigen: 103	Pulse: 131	Location (x,y,z): (-36.017757, 1.7935839, -38.219604)
22:12:38	User: fgdfgdg	Oxigen: 109	Pulse: 161	Location (x,y,z): (-42.3051, 1.8038812, -38.52203)
22:12:45	User: hgfgh	Oxigen: 452	Pulse: 132	Location (x,y,z): (-43.963703, 1.801656, -38.311657)
22:12:47	User: asd	Oxigen: 102	Pulse: 124	Location (x,y,z): (-36.017757, 1.7935839, -38.219604)
22:12:47	User: fgdfgdg	Oxigen: 108	Pulse: 154	Location (x,y,z): (-42.3051, 1.8038812, -38.52203)
22:12:54	User: hgfgh	Oxigen: 451	Pulse: 139	Location (x,y,z): (-43.963703, 1.7952223, -38.311657)
22:12:56	User: asd	Oxigen: 101	Pulse: 121	Location (x,y,z): (-36.017757, 1.7950726, -38.219604)
22:12:56	User: fgdfgdg	Oxigen: 107	Pulse: 152	Location (x,y,z): (-42.3051, 1.8038812, -38.52203)
22:13:03	User: hgfgh	Oxigen: 450	Pulse: 143	Location (x,y,z): (-43.963703, 1.8142776, -38.311657)
22:13:05	User: asd	Oxigen: 100	Pulse: 128	Location (x,y,z): (-36.017757, 1.7935839, -38.219604)
22:13:05	User: fgdfgdg	Oxigen: 106	Pulse: 159	Location (x,y,z): (-42.3051, 1.8038812, -38.52203)
22:13:12	User: hgfgh	Oxigen: 449	Pulse: 149	Location (x,y,z): (-43.963703, 1.8016562, -38.311657)
22:13:14	User: asd	Oxigen: 99	Pulse: 136	Location (x,y,z): (-36.017757, 1.7935839, -38.219604)
22:13:14	User: fgdfgdg	Oxigen: 105	Pulse: 162	Location (x,y,z): (-42.3051, 1.8038812, -38.52203)
22:13:21	User: hgfgh	Oxigen: 448	Pulse: 144	Location (x,y,z): (-43.963703, 1.8016562, -38.311657)
22:13:23	User: asd	Oxigen: 98	Pulse: 134	Location (x,y,z): (-36.017757, 1.7935839, -38.219604)
22:13:23	User: fgdfgdg	Oxigen: 104	Pulse: 161	Location (x,y,z): (-42.3051, 1.8038812, -38.52203)
22:13:30	User: hgfgh	Oxigen: 447	Pulse: 134	Location (x,y,z): (-43.963703, 1.8084321, -38.311657)
22:13:32	User: asd	Oxigen: 97	Pulse: 128	Location (x,y,z): (-36.017757, 1.7935839, -38.219604)
22:13:32	User: fgdfgdg	Oxigen: 103	Pulse: 168	Location (x,y,z): (-42.3051, 1.8038812, -38.52203)
22:13:39	User: hgfgh	Oxigen: 446	Pulse: 136	Location (x,y,z): (-43.963703, 1.8084321, -38.311657)
22:13:41	User: asd	Oxigen: 96	Pulse: 119	Location (x,y,z): (-36.017757, 1.7950726, -38.219604)
22:13:41	User: fgdfgdg	Oxigen: 102	Pulse: 175	Location (x,y,z): (-42.3051, 1.8038812, -38.52203)
22:13:48	User: hgfgh	Oxigen: 445	Pulse: 142	Location (x,y,z): (-43.963703, 1.8089404, -38.311657)
22:13:50	User: asd	Oxigen: 95	Pulse: 117	Location (x,y,z): (-36.017757, 1.7950726, -38.219604)
22:13:50	User: fgdfgdg	Oxigen: 101	Pulse: 181	Location (x,y,z): (-42.3051, 1.8038812, -38.52203)
22:13:57	User: hgfgh	Oxigen: 444	Pulse: 133	Location (x,y,z): (-43.963703, 1.8161619, -38.311657)
22:13:59	User: asd	Oxigen: 94	Pulse: 124	Location (x,y,z): (-36.017757, 1.7950726, -38.219604)
22:13:59	User: fgdfgdg	Oxigen: 100	Pulse: 175	Location (x,y,z): (-42.3051, 1.8038812, -38.52203)
22:14:06	User: hgfgh	Oxigen: 443	Pulse: 137	Location (x,y,z): (-43.963703, 1.800159, -38.311657)
22:14:08	User: asd	Oxigen: 93	Pulse: 123	Location (x,y,z): (-36.017757, 1.7950726, -38.219604)
22:14:08	User: fgdfgdg	Oxigen: 99	Pulse: 175	Location (x,y,z): (-42.3051, 1.8038812, -38.52203)
22:14:15	User: hgfgh	Oxigen: 442	Pulse: 142	Location (x,y,z): (-43.963703, 1.8142776, -38.311657)
22:14:17	User: asd	Oxigen: 92	Pulse: 113	Location (x,y,z): (-36.017757, 1.7950726, -38.219604)
22:14:17	User: fgdfgdg	Oxigen: 98	Pulse: 166	Location (x,y,z): (-42.3051, 1.8038812, -38.52203)
22:14:24	User: hgfgh	Oxigen: 441	Pulse: 138	Location (x,y,z): (-43.963703, 1.8142776, -38.311657)
22:14:26	User: asd	Oxigen: 91	Pulse: 106	Location (x,y,z): (-36.017757, 1.7935839, -38.219604)
22:14:27	User: fgdfgdg	Oxigen: 97	Pulse: 165	Location (x,y,z): (-42.3051, 1.8038812, -38.52203)
22:14:33	User: hgfgh	Oxigen: 440	Pulse: 142	Location (x,y,z): (-22.306562, 1.7910073, -22.219593)
22:14:35	User: asd	Oxigen: 90	Pulse: 96	Location (x,y,z): (-36.017757, 1.7935839, -38.219604)
22:14:36	User: fgdfgdg	Oxigen: 96	Pulse: 157	Location (x,y,z): (-42.3051, 1.8038812, -38.52203)
22:14:44	User: asd	Oxigen: 89	Pulse: 91	Location (x,y,z): (-36.017757, 1.7935839, -38.219604)
22:14:45	User: fgdfgdg	Oxigen: 95	Pulse: 147	Location (x,y,z): (-42.3051, 1.8038812, -38.52203)
22:14:53	User: asd	Oxigen: 88	Pulse: 93	Location (x,y,z): (-36.017757, 1.7935839, -38.219604)
22:14:54	User: fgdfgdg	Oxigen: 94	Pulse: 156	Location (x,y,z): (-42.3051, 1.8038812, -38.52203)
22:15:02	User: asd	Oxigen: 87	Pulse: 94	Location (x,y,z): (-36.017757, 1.7950726, -38.219604)
22:15:03	User: fgdfgdg	Oxigen: 93	Pulse: 163	Location (x,y,z): (-42.3051, 1.8038812, -38.52203)
22:15:11	User: asd	Oxigen: 86	Pulse: 101	Location (x,y,z): (-36.017757, 1.7935839, -38.219604)
22:15:12	User: fgdfgdg	Oxigen: 92	Pulse: 160	Location (x,y,z): (-42.3051, 1.8038812, -38.52203)
22:15:20	User: asd	Oxigen: 85	Pulse: 107	Location (x,y,z): (-36.017757, 1.7935839, -38.219604)
22:15:21	User: fgdfgdg	Oxigen: 91	Pulse: 162	Location (x,y,z): (-42.3051, 1.8038812, -38.52203)
22:15:30	User: asd	Oxigen: 84	Pulse: 107	Location (x,y,z): (-36.017757, 1.7935839, -38.219604)
22:15:30	User: fgdfgdg	Oxigen: 90	Pulse: 159	Location (x,y,z): (-42.3051, 1.8038812, -38.52203)
22:15:39	User: asd	Oxigen: 83	Pulse: 109	Location (x,y,z): (-36.017757, 1.7950726, -38.219604)
22:15:39	User: fgdfgdg	Oxigen: 89	Pulse: 150	Location (x,y,z): (-42.3051, 1.8038812, -38.52203)
22:15:48	User: asd	Oxigen: 82	Pulse: 99	Location (x,y,z): (-36.017757, 1.7935839, -38.219604)
22:15:48	User: fgdfgdg	Oxigen: 88	Pulse: 142	Location (x,y,z): (-42.3051, 1.8038812, -38.52203)
22:15:57	User: asd	Oxigen: 81	Pulse: 91	Location (x,y,z): (-36.017757, 1.7935839, -38.219604)
22:15:57	User: fgdfgdg	Oxigen: 87	Pulse: 136	Location (x,y,z): (-42.3051, 1.8038812, -38.52203)
22:16:06	User: asd	Oxigen: 80	Pulse: 90	Location (x,y,z): (-36.017757, 1.7935839, -38.219604)
22:16:06	User: fgdfgdg	Oxigen: 86	Pulse: 145	Location (x,y,z): (-42.3051, 1.8038812, -38.52203)
22:16:15	User: asd	Oxigen: 79	Pulse: 94	Location (x,y,z): (-36.017757, 1.7950726, -38.219604)
22:16:15	User: fgdfgdg	Oxigen: 85	Pulse: 140	Location (x,y,z): (-42.3051, 1.8038812, -38.52203)
22:16:24	User: asd	Oxigen: 78	Pulse: 101	Location (x,y,z): (-36.017757, 1.7950726, -38.219604)
22:16:24	User: fgdfgdg	Oxigen: 84	Pulse: 132	Location (x,y,z): (-42.3051, 1.8038812, -38.52203)
22:16:33	User: asd	Oxigen: 77	Pulse: 97	Location (x,y,z): (-36.017757, 1.7950726, -38.219604)
22:16:33	User: fgdfgdg	Oxigen: 83	Pulse: 137	Location (x,y,z): (-42.3051, 1.8038812, -38.52203)
22:16:42	User: asd	Oxigen: 76	Pulse: 92	Location (x,y,z): (-36.017757, 1.7950726, -38.219604)
22:16:42	User: fgdfgdg	Oxigen: 82	Pulse: 127	Location (x,y,z): (-42.3051, 1.8038812, -38.52203)
22:16:51	User: asd	Oxigen: 75	Pulse: 85	Location (x,y,z): (-36.017757, 1.7935839, -38.219604)
22:16:51	User: fgdfgdg	Oxigen: 81	Pulse: 126	Location (x,y,z): (-42.3051, 1.8038812, -38.52203)
22:17:00	User: asd	Oxigen: 74	Pulse: 83	Location (x,y,z): (-36.017757, 1.7950726, -38.219604)
22:17:00	User: fgdfgdg	Oxigen: 80	Pulse: 119	Location (x,y,z): (-42.3051, 1.8038812, -38.52203)
22:17:09	User: asd	Oxigen: 73	Pulse: 80	Location (x,y,z): (-36.017757, 1.7935839, -38.219604)
22:17:09	User: fgdfgdg	Oxigen: 79	Pulse: 128	Location (x,y,z): (-42.3051, 1.8038812, -38.52203)
22:17:18	User: asd	Oxigen: 72	Pulse: 89	Location (x,y,z): (-36.017757, 1.7935839, -38.219604)
22:17:18	User: fgdfgdg	Oxigen: 78	Pulse: 137	Location (x,y,z): (-42.3051, 1.8038812, -38.52203)
22:17:27	User: asd	Oxigen: 71	Pulse: 82	Location (x,y,z): (-36.017757, 1.7935839, -38.219604)
22:17:27	User: fgdfgdg	Oxigen: 77	Pulse: 134	Location (x,y,z): (-42.3051, 1.8038812, -38.52203)
22:17:36	User: asd	Oxigen: 70	Pulse: 80	Location (x,y,z): (-36.017757, 1.7935839, -38.219604)
22:17:36	User: fgdfgdg	Oxigen: 76	Pulse: 127	Location (x,y,z): (-42.3051, 1.8038812, -38.52203)
22:17:45	User: asd	Oxigen: 69	Pulse: 80	Location (x,y,z): (-36.017757, 1.7935839, -38.219604)
22:17:45	User: fgdfgdg	Oxigen: 75	Pulse: 131	Location (x,y,z): (-42.3051, 1.8038812, -38.52203)
22:17:54	User: asd	Oxigen: 68	Pulse: 88	Location (x,y,z): (-36.017757, 1.7950726, -38.219604)
22:17:54	User: fgdfgdg	Oxigen: 74	Pulse: 126	Location (x,y,z): (-42.3051, 1.8038812, -38.52203)
22:18:03	User: asd	Oxigen: 67	Pulse: 80	Location (x,y,z): (-36.017757, 1.7935839, -38.219604)
22:18:03	User: fgdfgdg	Oxigen: 73	Pulse: 126	Location (x,y,z): (-42.3051, 1.8038812, -38.52203)
22:18:12	User: asd	Oxigen: 66	Pulse: 80	Location (x,y,z): (-36.017757, 1.7950726, -38.219604)
22:18:12	User: fgdfgdg	Oxigen: 72	Pulse: 131	Location (x,y,z): (-42.3051, 1.8038812, -38.52203)
22:18:21	User: asd	Oxigen: 65	Pulse: 80	Location (x,y,z): (-36.017757, 1.7950726, -38.219604)
22:18:22	User: fgdfgdg	Oxigen: 71	Pulse: 136	Location (x,y,z): (-42.3051, 1.8038812, -38.52203)
22:18:30	User: asd	Oxigen: 64	Pulse: 89	Location (x,y,z): (-36.017757, 1.7950726, -38.219604)
22:18:31	User: fgdfgdg	Oxigen: 70	Pulse: 144	Location (x,y,z): (-42.3051, 1.8038812, -38.52203)
22:18:39	User: asd	Oxigen: 63	Pulse: 93	Location (x,y,z): (-36.017757, 1.7935839, -38.219604)
22:18:40	User: fgdfgdg	Oxigen: 69	Pulse: 153	Location (x,y,z): (-42.3051, 1.8038812, -38.52203)
22:18:48	User: asd	Oxigen: 62	Pulse: 96	Location (x,y,z): (-36.017757, 1.7935839, -38.219604)
22:18:49	User: fgdfgdg	Oxigen: 68	Pulse: 160	Location (x,y,z): (-42.3051, 1.8038812, -38.52203)
22:18:57	User: asd	Oxigen: 61	Pulse: 92	Location (x,y,z): (-36.017757, 1.7950726, -38.219604)
22:18:58	User: fgdfgdg	Oxigen: 67	Pulse: 155	Location (x,y,z): (-42.3051, 1.8038812, -38.52203)
22:19:06	User: asd	Oxigen: 60	Pulse: 89	Location (x,y,z): (-36.017757, 1.7935839, -38.219604)
22:19:07	User: fgdfgdg	Oxigen: 66	Pulse: 157	Location (x,y,z): (-42.3051, 1.8038812, -38.52203)
22:19:34	User: sdf	Oxigen: 566	Pulse: 133	Location (x,y,z): (-21.213406, 1.7946799, -20.74266)
22:19:43	User: sdf	Oxigen: 565	Pulse: 138	Location (x,y,z): (-28.477974, 1.8133266, -25.763977)
22:19:52	User: sdf	Oxigen: 564	Pulse: 131	Location (x,y,z): (-28.477974, 1.8133266, -25.763977)
22:20:01	User: sdf	Oxigen: 563	Pulse: 126	Location (x,y,z): (-28.477974, 1.7953453, -25.763977)
22:20:10	User: sdf	Oxigen: 562	Pulse: 134	Location (x,y,z): (-28.477974, 1.8120389, -25.763977)
22:20:19	User: sdf	Oxigen: 561	Pulse: 142	Location (x,y,z): (-28.477974, 1.8133266, -25.763977)
22:20:28	User: sdf	Oxigen: 560	Pulse: 150	Location (x,y,z): (-32.966705, 1.8048906, -26.869226)
22:20:37	User: sdf	Oxigen: 559	Pulse: 158	Location (x,y,z): (-43.772255, 1.8279259, -34.07446)
22:20:49	User: gfgf	Oxigen: 233	Pulse: 148	Location (x,y,z): (-21.074636, 1.8057764, -20.684587)
22:20:55	User: sdf	Oxigen: 557	Pulse: 157	Location (x,y,z): (-43.772255, 1.8029089, -34.07446)
22:20:58	User: gfgf	Oxigen: 232	Pulse: 156	Location (x,y,z): (-20.012815, 1.7933643, -22.56591)
22:21:04	User: sdf	Oxigen: 556	Pulse: 163	Location (x,y,z): (-43.772255, 1.7989748, -34.07446)
22:21:13	User: sdf	Oxigen: 555	Pulse: 159	Location (x,y,z): (-43.772255, 1.7971435, -34.07446)
22:21:22	User: sdf	Oxigen: 554	Pulse: 167	Location (x,y,z): (-43.772255, 1.8123012, -34.07446)
22:21:31	User: sdf	Oxigen: 553	Pulse: 168	Location (x,y,z): (-43.77225, 1.8161933, -34.07446)
22:21:40	User: sdf	Oxigen: 552	Pulse: 167	Location (x,y,z): (-43.772255, 1.7975156, -34.07446)
22:21:49	User: sdf	Oxigen: 551	Pulse: 172	Location (x,y,z): (-43.772255, 1.7988863, -34.07446)
22:21:58	User: sdf	Oxigen: 550	Pulse: 181	Location (x,y,z): (-43.772255, 1.8123012, -34.07446)
22:22:07	User: sdf	Oxigen: 549	Pulse: 187	Location (x,y,z): (-43.77225, 1.7996345, -34.07446)
23:48:13	User: 324123	Oxigen: 299	Pulse: 142	Location (x,y,z): (0.0, 0.0, 10.0)
23:48:22	User: 324123	Oxigen: 298	Pulse: 143	Location (x,y,z): (-0.0, 0.0, -10.0)
23:48:31	User: 324123	Oxigen: 297	Pulse: 149	Location (x,y,z): (0.0, 0.0, 10.0)
23:48:40	User: 324123	Oxigen: 296	Pulse: 153	Location (x,y,z): (-0.0, 0.0, -10.0)
23:48:50	User: 324123	Oxigen: 295	Pulse: 144	Location (x,y,z): (0.0, 0.0, 10.0)
23:48:59	User: 324123	Oxigen: 294	Pulse: 136	Location (x,y,z): (-0.0, 0.0, -10.0)
23:50:26	User: 13213	Oxigen: 299	Pulse: 133	Location (x,y,z): (-20.0, 2.7869186, -20.0)
23:50:35	User: 13213	Oxigen: 298	Pulse: 133	Location (x,y,z): (-18.86956, 2.7941828, -28.7581)
23:53:27	User: ich	Oxigen: 299	Pulse: 149	Location (x,y,z): (-20.353786, 2.8058717, -18.95656)
23:53:36	User: ich	Oxigen: 298	Pulse: 152	Location (x,y,z): (-18.233047, 2.8108048, -21.823616)
23:53:45	User: ich	Oxigen: 297	Pulse: 144	Location (x,y,z): (-22.628895, 2.8095295, -20.56058)
23:53:54	User: ich	Oxigen: 296	Pulse: 135	Location (x,y,z): (-21.380583, 2.8021688, -46.972046)
23:54:03	User: ich	Oxigen: 295	Pulse: 132	Location (x,y,z): (-27.176842, 2.8060977, -22.645365)
23:54:12	User: ich	Oxigen: 294	Pulse: 127	Location (x,y,z): (-26.748251, 2.7956877, -24.505142)
23:54:21	User: ich	Oxigen: 293	Pulse: 129	Location (x,y,z): (-26.748251, 2.7956877, -24.505142)
23:54:30	User: ich	Oxigen: 292	Pulse: 131	Location (x,y,z): (-26.748251, 2.7956877, -24.505142)
23:54:39	User: ich	Oxigen: 291	Pulse: 130	Location (x,y,z): (-26.748251, 2.7956877, -24.505142)
23:54:48	User: ich	Oxigen: 290	Pulse: 136	Location (x,y,z): (-26.748251, 2.7956877, -24.505142)
23:57:29	User: 123123	Oxigen: 299	Pulse: 138	Location (x,y,z): (-20.967218, 2.799889, -20.83223)
23:57:32	User: ich	Oxigen: 272	Pulse: 116	Location (x,y,z): (-26.748251, 2.7956877, -24.505142)
23:57:38	User: 123123	Oxigen: 298	Pulse: 139	Location (x,y,z): (-26.463387, 2.7931867, -23.550957)
23:57:41	User: ich	Oxigen: 271	Pulse: 116	Location (x,y,z): (-26.748251, 2.7956877, -24.505142)
23:57:47	User: 123123	Oxigen: 297	Pulse: 136	Location (x,y,z): (-25.409664, 2.8101025, -29.86986)
23:57:50	User: ich	Oxigen: 270	Pulse: 107	Location (x,y,z): (-26.748251, 2.7956877, -24.505142)
23:57:56	User: 123123	Oxigen: 296	Pulse: 143	Location (x,y,z): (-29.9132, 2.7927923, -30.79469)
23:57:59	User: ich	Oxigen: 269	Pulse: 98	Location (x,y,z): (-26.748251, 2.7956877, -24.505142)
23:58:05	User: 123123	Oxigen: 295	Pulse: 146	Location (x,y,z): (-24.584587, 2.7965133, -32.581024)
23:58:08	User: ich	Oxigen: 268	Pulse: 91	Location (x,y,z): (-26.748251, 2.7956877, -24.505142)
23:58:14	User: 123123	Oxigen: 294	Pulse: 154	Location (x,y,z): (-21.778645, 2.798503, -40.1574)
23:58:17	User: ich	Oxigen: 267	Pulse: 89	Location (x,y,z): (-26.748251, 2.7956877, -24.505142)
23:58:23	User: 123123	Oxigen: 293	Pulse: 146	Location (x,y,z): (-27.35715, 2.8053555, -49.75281)
23:58:26	User: ich	Oxigen: 266	Pulse: 89	Location (x,y,z): (-26.748251, 2.7956877, -24.505142)
23:58:32	User: 123123	Oxigen: 292	Pulse: 144	Location (x,y,z): (-38.513115, 2.806449, -48.160816)
23:58:35	User: ich	Oxigen: 265	Pulse: 98	Location (x,y,z): (-26.748251, 2.7956877, -24.505142)
23:58:44	User: ich	Oxigen: 264	Pulse: 104	Location (x,y,z): (-26.748251, 2.7956877, -24.505142)
23:58:53	User: ich	Oxigen: 263	Pulse: 99	Location (x,y,z): (-26.748251, 2.7956877, -24.505142)
23:59:02	User: ich	Oxigen: 262	Pulse: 90	Location (x,y,z): (-26.748251, 2.7956877, -24.505142)
23:59:11	User: ich	Oxigen: 261	Pulse: 86	Location (x,y,z): (-26.748251, 2.7956877, -24.505142)
23:59:20	User: ich	Oxigen: 260	Pulse: 80	Location (x,y,z): (-26.748251, 2.7956877, -24.505142)
23:59:29	User: ich	Oxigen: 259	Pulse: 80	Location (x,y,z): (-26.748251, 2.7956877, -24.505142)
23:59:38	User: ich	Oxigen: 258	Pulse: 80	Location (x,y,z): (-26.748251, 2.7956877, -24.505142)
23:59:47	User: ich	Oxigen: 257	Pulse: 80	Location (x,y,z): (-26.748251, 2.7956877, -24.505142)
23:59:56	User: ich	Oxigen: 256	Pulse: 80	Location (x,y,z): (-26.748251, 2.7956877, -24.505142)
